app/build/intermediates/manifest_merge_blame_file/debug/processDebugMainManifest/manifest-merger-blame-debug-report.txt
1<?xml version="1.0" encoding="utf-8"?>
2<manifest xmlns:android="http://schemas.android.com/apk/res/android"
3    package="com.musicpracticeplayer"
4    android:versionCode="1"
5    android:versionName="1.0" >
6
7    <uses-sdk
8        android:minSdkVersion="24"
9        android:targetSdkVersion="34" />
10
11    <uses-permission android:name="android.permission.WAKE_LOCK" />
11-->src/main/AndroidManifest.xml:4:5-68
11-->src/main/AndroidManifest.xml:4:22-65
12    <uses-permission
12-->src/main/AndroidManifest.xml:5:5-6:38
13        android:name="android.permission.READ_EXTERNAL_STORAGE"
13-->src/main/AndroidManifest.xml:5:22-77
14        android:maxSdkVersion="32" />
14-->src/main/AndroidManifest.xml:6:9-35
15    <uses-permission android:name="android.permission.READ_MEDIA_AUDIO" />
15-->src/main/AndroidManifest.xml:7:5-75
15-->src/main/AndroidManifest.xml:7:22-72
16
17    <permission
17-->[androidx.core:core:1.13.0] AndroidManifest.xml:22:5-24:47
18        android:name="com.musicpracticeplayer.DYNAMIC_RECEIVER_NOT_EXPORTED_PERMISSION"
18-->[androidx.core:core:1.13.0] AndroidManifest.xml:23:9-81
19        android:protectionLevel="signature" />
19-->[androidx.core:core:1.13.0] AndroidManifest.xml:24:9-44
20
21    <uses-permission android:name="com.musicpracticeplayer.DYNAMIC_RECEIVER_NOT_EXPORTED_PERMISSION" />
21-->[androidx.core:core:1.13.0] AndroidManifest.xml:26:5-97
21-->[androidx.core:core:1.13.0] AndroidManifest.xml:26:22-94
22
23    <application
23-->src/main/AndroidManifest.xml:9:5-50:19
24        android:allowBackup="true"
24-->src/main/AndroidManifest.xml:10:9-35
25        android:appComponentFactory="androidx.core.app.CoreComponentFactory"
25-->[androidx.core:core:1.13.0] AndroidManifest.xml:28:18-86
26        android:debuggable="true"
27        android:extractNativeLibs="false"
28        android:icon="@mipmap/ic_launcher"
28-->src/main/AndroidManifest.xml:11:9-43
29        android:label="@string/app_name"
29-->src/main/AndroidManifest.xml:12:9-41
30        android:supportsRtl="true"
30-->src/main/AndroidManifest.xml:13:9-35
31        android:theme="@style/Theme.MusicPracticePlayer" >
31-->src/main/AndroidManifest.xml:14:9-57
32        <activity
32-->src/main/AndroidManifest.xml:16:9-48:20
33            android:name="com.musicpracticeplayer.MainActivity"
33-->src/main/AndroidManifest.xml:17:13-41
34            android:configChanges="orientation|screenSize|keyboardHidden"
34-->src/main/AndroidManifest.xml:18:13-74
35            android:exported="true"
35-->src/main/AndroidManifest.xml:19:13-36
36            android:launchMode="singleTop"
36-->src/main/AndroidManifest.xml:20:13-43
37            android:screenOrientation="unspecified"
37-->src/main/AndroidManifest.xml:21:13-52
38            android:windowSoftInputMode="stateHidden" >
38-->src/main/AndroidManifest.xml:22:13-54
39            <intent-filter>
39-->src/main/AndroidManifest.xml:24:13-27:29
40                <action android:name="android.intent.action.MAIN" />
40-->src/main/AndroidManifest.xml:25:17-69
40-->src/main/AndroidManifest.xml:25:25-66
41
42                <category android:name="android.intent.category.LAUNCHER" />
42-->src/main/AndroidManifest.xml:26:17-77
42-->src/main/AndroidManifest.xml:26:27-74
43            </intent-filter>
44
45            <!-- Open MP3 files from Files app and other apps -->
46            <intent-filter>
46-->src/main/AndroidManifest.xml:30:13-34:29
47                <action android:name="android.intent.action.VIEW" />
47-->src/main/AndroidManifest.xml:31:17-69
47-->src/main/AndroidManifest.xml:31:25-66
48
49                <category android:name="android.intent.category.DEFAULT" />
49-->src/main/AndroidManifest.xml:32:17-76
49-->src/main/AndroidManifest.xml:32:27-73
50
51                <data android:mimeType="audio/mpeg" />
51-->src/main/AndroidManifest.xml:33:17-55
51-->src/main/AndroidManifest.xml:33:23-52
52            </intent-filter>
53            <intent-filter>
53-->src/main/AndroidManifest.xml:36:13-40:29
54                <action android:name="android.intent.action.VIEW" />
54-->src/main/AndroidManifest.xml:31:17-69
54-->src/main/AndroidManifest.xml:31:25-66
55
56                <category android:name="android.intent.category.DEFAULT" />
56-->src/main/AndroidManifest.xml:32:17-76
56-->src/main/AndroidManifest.xml:32:27-73
57
58                <data android:mimeType="audio/mp3" />
58-->src/main/AndroidManifest.xml:33:17-55
58-->src/main/AndroidManifest.xml:33:23-52
59            </intent-filter>
60            <intent-filter>
60-->src/main/AndroidManifest.xml:42:13-46:29
61                <action android:name="android.intent.action.VIEW" />
61-->src/main/AndroidManifest.xml:31:17-69
61-->src/main/AndroidManifest.xml:31:25-66
62
63                <category android:name="android.intent.category.DEFAULT" />
63-->src/main/AndroidManifest.xml:32:17-76
63-->src/main/AndroidManifest.xml:32:27-73
64
65                <data android:mimeType="audio/*" />
65-->src/main/AndroidManifest.xml:33:17-55
65-->src/main/AndroidManifest.xml:33:23-52
66            </intent-filter>
67        </activity>
68
69        <provider
69-->[androidx.emoji2:emoji2:1.3.0] AndroidManifest.xml:24:9-32:20
70            android:name="androidx.startup.InitializationProvider"
70-->[androidx.emoji2:emoji2:1.3.0] AndroidManifest.xml:25:13-67
71            android:authorities="com.musicpracticeplayer.androidx-startup"
71-->[androidx.emoji2:emoji2:1.3.0] AndroidManifest.xml:26:13-68
72            android:exported="false" >
72-->[androidx.emoji2:emoji2:1.3.0] AndroidManifest.xml:27:13-37
73            <meta-data
73-->[androidx.emoji2:emoji2:1.3.0] AndroidManifest.xml:29:13-31:52
74                android:name="androidx.emoji2.text.EmojiCompatInitializer"
74-->[androidx.emoji2:emoji2:1.3.0] AndroidManifest.xml:30:17-75
75                android:value="androidx.startup" />
75-->[androidx.emoji2:emoji2:1.3.0] AndroidManifest.xml:31:17-49
76            <meta-data
76-->[androidx.lifecycle:lifecycle-process:2.6.2] AndroidManifest.xml:29:13-31:52
77                android:name="androidx.lifecycle.ProcessLifecycleInitializer"
77-->[androidx.lifecycle:lifecycle-process:2.6.2] AndroidManifest.xml:30:17-78
78                android:value="androidx.startup" />
78-->[androidx.lifecycle:lifecycle-process:2.6.2] AndroidManifest.xml:31:17-49
79            <meta-data
79-->[androidx.profileinstaller:profileinstaller:1.3.1] AndroidManifest.xml:29:13-31:52
80                android:name="androidx.profileinstaller.ProfileInstallerInitializer"
80-->[androidx.profileinstaller:profileinstaller:1.3.1] AndroidManifest.xml:30:17-85
81                android:value="androidx.startup" />
81-->[androidx.profileinstaller:profileinstaller:1.3.1] AndroidManifest.xml:31:17-49
82        </provider>
83
84        <receiver
84-->[androidx.profileinstaller:profileinstaller:1.3.1] AndroidManifest.xml:34:9-52:20
85            android:name="androidx.profileinstaller.ProfileInstallReceiver"
85-->[androidx.profileinstaller:profileinstaller:1.3.1] AndroidManifest.xml:35:13-76
86            android:directBootAware="false"
86-->[androidx.profileinstaller:profileinstaller:1.3.1] AndroidManifest.xml:36:13-44
87            android:enabled="true"
87-->[androidx.profileinstaller:profileinstaller:1.3.1] AndroidManifest.xml:37:13-35
88            android:exported="true"
88-->[androidx.profileinstaller:profileinstaller:1.3.1] AndroidManifest.xml:38:13-36
89            android:permission="android.permission.DUMP" >
89-->[androidx.profileinstaller:profileinstaller:1.3.1] AndroidManifest.xml:39:13-57
90            <intent-filter>
90-->[androidx.profileinstaller:profileinstaller:1.3.1] AndroidManifest.xml:40:13-42:29
91                <action android:name="androidx.profileinstaller.action.INSTALL_PROFILE" />
91-->[androidx.profileinstaller:profileinstaller:1.3.1] AndroidManifest.xml:41:17-91
91-->[androidx.profileinstaller:profileinstaller:1.3.1] AndroidManifest.xml:41:25-88
92            </intent-filter>
93            <intent-filter>
93-->[androidx.profileinstaller:profileinstaller:1.3.1] AndroidManifest.xml:43:13-45:29
94                <action android:name="androidx.profileinstaller.action.SKIP_FILE" />
94-->[androidx.profileinstaller:profileinstaller:1.3.1] AndroidManifest.xml:44:17-85
94-->[androidx.profileinstaller:profileinstaller:1.3.1] AndroidManifest.xml:44:25-82
95            </intent-filter>
96            <intent-filter>
96-->[androidx.profileinstaller:profileinstaller:1.3.1] AndroidManifest.xml:46:13-48:29
97                <action android:name="androidx.profileinstaller.action.SAVE_PROFILE" />
97-->[androidx.profileinstaller:profileinstaller:1.3.1] AndroidManifest.xml:47:17-88
97-->[androidx.profileinstaller:profileinstaller:1.3.1] AndroidManifest.xml:47:25-85
98            </intent-filter>
99            <intent-filter>
99-->[androidx.profileinstaller:profileinstaller:1.3.1] AndroidManifest.xml:49:13-51:29
100                <action android:name="androidx.profileinstaller.action.BENCHMARK_OPERATION" />
100-->[androidx.profileinstaller:profileinstaller:1.3.1] AndroidManifest.xml:50:17-95
100-->[androidx.profileinstaller:profileinstaller:1.3.1] AndroidManifest.xml:50:25-92
101            </intent-filter>
102        </receiver>
103    </application>
104
105</manifest>